metadata_parser.py:86: GuessedAtParserWarning: No parser was explicitly specified, so I'm using the best available HTML parser for this system ("lxml"). This usually isn't a problem, but if you run this code on another system, or in a different virtual environment, it may use a different parser and behave differently.

The code that caused this warning is on line 86 of the file metadata_parser.py. To get rid of this warning, pass the additional argument 'features="lxml"' to the BeautifulSoup constructor.

  soup = BeautifulSoup(file_text, 'html')
My program took 3995.09662938118 seconds to run.
That is 66.5849444826444 minutes
text_parser.py:78: GuessedAtParserWarning: No parser was explicitly specified, so I'm using the best available HTML parser for this system ("lxml"). This usually isn't a problem, but if you run this code on another system, or in a different virtual environment, it may use a different parser and behave differently.

The code that caused this warning is on line 78 of the file text_parser.py. To get rid of this warning, pass the additional argument 'features="lxml"' to the BeautifulSoup constructor.

  soup = BeautifulSoup(file_text, 'html')
text_parser.py running...
start time is 1611613877.2534325
My program took 904.0020573139191 seconds to run.
That is 15.066701630751291 minutes
text_parser.py:78: GuessedAtParserWarning: No parser was explicitly specified, so I'm using the best available HTML parser for this system ("lxml"). This usually isn't a problem, but if you run this code on another system, or in a different virtual environment, it may use a different parser and behave differently.

The code that caused this warning is on line 78 of the file text_parser.py. To get rid of this warning, pass the additional argument 'features="lxml"' to the BeautifulSoup constructor.

  soup = BeautifulSoup(file_text, 'html')
text_parser.py running...
start time is 1611615449.4618394
My program took 910.7678346633911 seconds to run.
That is 15.179464348157246 minutes
Traceback (most recent call last):
  File "percent_parser.py", line 7, in <module>
    from bs4 import BeautifulSoup
ModuleNotFoundError: No module named 'bs4'
percent_parser.py:91: GuessedAtParserWarning: No parser was explicitly specified, so I'm using the best available HTML parser for this system ("lxml"). This usually isn't a problem, but if you run this code on another system, or in a different virtual environment, it may use a different parser and behave differently.

The code that caused this warning is on line 91 of the file percent_parser.py. To get rid of this warning, pass the additional argument 'features="lxml"' to the BeautifulSoup constructor.

  soup = BeautifulSoup(file_text, 'html')
My program took 5287.694643735886 seconds to run.
That is 88.12824530998866 minutes
